Info    : Meshing 1D...
Info    : [  0%] Meshing curve 1 (Line)
Info    : [ 20%] Meshing curve 2 (Line)
Info    : [ 30%] Meshing curve 3 (Line)
Info    : [ 40%] Meshing curve 4 (Line)
Info    : [ 50%] Meshing curve 5 (Line)
Info    : [ 70%] Meshing curve 6 (Line)
Info    : [ 80%] Meshing curve 7 (Line)
Info    : [ 90%] Meshing curve 8 (Line)
Info    : Done meshing 1D (Wall 0.00099802s, CPU 0s)
Info    : Meshing 2D...
Info    : [  0%] Meshing surface 1 (Plane, Frontal-Delaunay)
Info    : [ 50%] Meshing surface 2 (Plane, Frontal-Delaunay)
Info    : Done meshing 2D (Wall 0.00699973s, CPU 0.015625s)
Info    : 196 nodes 403 elements
Info    : Writing './cz-simple_0.msh'...
Info    : Done writing './cz-simple_0.msh'
melt 0.01
crystal 0.005
Warning: Mesh size = 0 for if_crys_melt. Ignoring this shape...
Warning: Mesh size = 0 for bnd_melt_bt. Ignoring this shape...
Warning: Mesh size = 0 for bnd_melt_side. Ignoring this shape...
Warning: Mesh size = 0 for bnd_melt_top. Ignoring this shape...
Warning: Mesh size = 0 for bnd_crys_top. Ignoring this shape...
Warning: Mesh size = 0 for bnd_crys_side. Ignoring this shape...
Warning: Mesh size = 0 for bnd_sym_ax. Ignoring this shape...
Gmsh model created with pyelmer.
Shapes: ['melt', 'crystal', 'if_crys_melt', 'bnd_melt_bt', 'bnd_melt_side', 'bnd_melt_top', 'bnd_crys_top', 'bnd_crys_side', 'bnd_sym_ax']
Wrote sif-file.
Info    : Meshing 1D...
Info    : [  0%] Meshing curve 1 (Line)
Info    : [ 20%] Meshing curve 2 (Line)
Info    : [ 30%] Meshing curve 3 (Line)
Info    : [ 40%] Meshing curve 4 (Line)
Info    : [ 50%] Meshing curve 5 (Line)
Info    : [ 70%] Meshing curve 6 (Line)
Info    : [ 80%] Meshing curve 7 (Line)
Info    : [ 90%] Meshing curve 8 (Line)
Info    : Done meshing 1D (Wall 0s, CPU 0s)
Info    : Meshing 2D...
Info    : [  0%] Meshing surface 1 (Plane, Frontal-Delaunay)
Info    : [ 50%] Meshing surface 2 (Plane, Frontal-Delaunay)
Info    : Done meshing 2D (Wall 0s, CPU 0s)
Info    : 211 nodes 433 elements
Info    : Writing './cz-simple_1.msh'...
Info    : Done writing './cz-simple_1.msh'
melt 0.01
crystal 0.005
Warning: Mesh size = 0 for if_crys_melt. Ignoring this shape...
Warning: Mesh size = 0 for bnd_melt_bt. Ignoring this shape...
Warning: Mesh size = 0 for bnd_melt_side. Ignoring this shape...
Warning: Mesh size = 0 for bnd_melt_top. Ignoring this shape...
Warning: Mesh size = 0 for bnd_crys_top. Ignoring this shape...
Warning: Mesh size = 0 for bnd_crys_side. Ignoring this shape...
Warning: Mesh size = 0 for bnd_sym_ax. Ignoring this shape...
Gmsh model created with pyelmer.
Shapes: ['melt', 'crystal', 'if_crys_melt', 'bnd_melt_bt', 'bnd_melt_side', 'bnd_melt_top', 'bnd_crys_top', 'bnd_crys_side', 'bnd_sym_ax']
Wrote sif-file.
Info    : Meshing 1D...
Info    : [  0%] Meshing curve 1 (Line)
Info    : [ 20%] Meshing curve 2 (Line)
Info    : [ 30%] Meshing curve 3 (Line)
Info    : [ 40%] Meshing curve 4 (Line)
Info    : [ 50%] Meshing curve 5 (Line)
Info    : [ 70%] Meshing curve 6 (Line)
Info    : [ 80%] Meshing curve 7 (Line)
Info    : [ 90%] Meshing curve 8 (Line)
Info    : Done meshing 1D (Wall 0s, CPU 0s)
Info    : Meshing 2D...
Info    : [  0%] Meshing surface 1 (Plane, Frontal-Delaunay)
Info    : [ 50%] Meshing surface 2 (Plane, Frontal-Delaunay)
Info    : Done meshing 2D (Wall 0.01566s, CPU 0.015625s)
Info    : 230 nodes 471 elements
Info    : Writing './cz-simple_2.msh'...
Info    : Done writing './cz-simple_2.msh'
melt 0.01
crystal 0.005
Warning: Mesh size = 0 for if_crys_melt. Ignoring this shape...
Warning: Mesh size = 0 for bnd_melt_bt. Ignoring this shape...
Warning: Mesh size = 0 for bnd_melt_side. Ignoring this shape...
Warning: Mesh size = 0 for bnd_melt_top. Ignoring this shape...
Warning: Mesh size = 0 for bnd_crys_top. Ignoring this shape...
Warning: Mesh size = 0 for bnd_crys_side. Ignoring this shape...
Warning: Mesh size = 0 for bnd_sym_ax. Ignoring this shape...
Gmsh model created with pyelmer.
Shapes: ['melt', 'crystal', 'if_crys_melt', 'bnd_melt_bt', 'bnd_melt_side', 'bnd_melt_top', 'bnd_crys_top', 'bnd_crys_side', 'bnd_sym_ax']
Wrote sif-file.
Info    : Meshing 1D...
Info    : [  0%] Meshing curve 1 (Line)
Info    : [ 20%] Meshing curve 2 (Line)
Info    : [ 30%] Meshing curve 3 (Line)
Info    : [ 40%] Meshing curve 4 (Line)
Info    : [ 50%] Meshing curve 5 (Line)
Info    : [ 70%] Meshing curve 6 (Line)
Info    : [ 80%] Meshing curve 7 (Line)
Info    : [ 90%] Meshing curve 8 (Line)
Info    : Done meshing 1D (Wall 0s, CPU 0s)
Info    : Meshing 2D...
Info    : [  0%] Meshing surface 1 (Plane, Frontal-Delaunay)
Info    : [ 50%] Meshing surface 2 (Plane, Frontal-Delaunay)
Info    : Done meshing 2D (Wall 0.0156271s, CPU 0.015625s)
Info    : 247 nodes 505 elements
Info    : Writing './cz-simple_3.msh'...
Info    : Done writing './cz-simple_3.msh'
melt 0.01
crystal 0.005
Warning: Mesh size = 0 for if_crys_melt. Ignoring this shape...
Warning: Mesh size = 0 for bnd_melt_bt. Ignoring this shape...
Warning: Mesh size = 0 for bnd_melt_side. Ignoring this shape...
Warning: Mesh size = 0 for bnd_melt_top. Ignoring this shape...
Warning: Mesh size = 0 for bnd_crys_top. Ignoring this shape...
Warning: Mesh size = 0 for bnd_crys_side. Ignoring this shape...
Warning: Mesh size = 0 for bnd_sym_ax. Ignoring this shape...
Gmsh model created with pyelmer.
Shapes: ['melt', 'crystal', 'if_crys_melt', 'bnd_melt_bt', 'bnd_melt_side', 'bnd_melt_top', 'bnd_crys_top', 'bnd_crys_side', 'bnd_sym_ax']
Wrote sif-file.
Info    : Meshing 1D...
Info    : [  0%] Meshing curve 1 (Line)
Info    : [ 20%] Meshing curve 2 (Line)
Info    : [ 30%] Meshing curve 3 (Line)
Info    : [ 40%] Meshing curve 4 (Line)
Info    : [ 50%] Meshing curve 5 (Line)
Info    : [ 70%] Meshing curve 6 (Line)
Info    : [ 80%] Meshing curve 7 (Line)
Info    : [ 90%] Meshing curve 8 (Line)
Info    : Done meshing 1D (Wall 0s, CPU 0s)
Info    : Meshing 2D...
Info    : [  0%] Meshing surface 1 (Plane, Frontal-Delaunay)
Info    : [ 50%] Meshing surface 2 (Plane, Frontal-Delaunay)
Info    : Done meshing 2D (Wall 0.015614s, CPU 0.015625s)
Info    : 270 nodes 551 elements
Info    : Writing './cz-simple_4.msh'...
Info    : Done writing './cz-simple_4.msh'
melt 0.01
crystal 0.005
Warning: Mesh size = 0 for if_crys_melt. Ignoring this shape...
Warning: Mesh size = 0 for bnd_melt_bt. Ignoring this shape...
Warning: Mesh size = 0 for bnd_melt_side. Ignoring this shape...
Warning: Mesh size = 0 for bnd_melt_top. Ignoring this shape...
Warning: Mesh size = 0 for bnd_crys_top. Ignoring this shape...
Warning: Mesh size = 0 for bnd_crys_side. Ignoring this shape...
Warning: Mesh size = 0 for bnd_sym_ax. Ignoring this shape...
Gmsh model created with pyelmer.
Shapes: ['melt', 'crystal', 'if_crys_melt', 'bnd_melt_bt', 'bnd_melt_side', 'bnd_melt_top', 'bnd_crys_top', 'bnd_crys_side', 'bnd_sym_ax']
Wrote sif-file.
Info    : Meshing 1D...
Info    : [  0%] Meshing curve 1 (Line)
Info    : [ 20%] Meshing curve 2 (Line)
Info    : [ 30%] Meshing curve 3 (Line)
Info    : [ 40%] Meshing curve 4 (Line)
Info    : [ 50%] Meshing curve 5 (Line)
Info    : [ 70%] Meshing curve 6 (Line)
Info    : [ 80%] Meshing curve 7 (Line)
Info    : [ 90%] Meshing curve 8 (Line)
Info    : Done meshing 1D (Wall 0s, CPU 0s)
Info    : Meshing 2D...
Info    : [  0%] Meshing surface 1 (Plane, Frontal-Delaunay)
Info    : [ 50%] Meshing surface 2 (Plane, Frontal-Delaunay)
Info    : Done meshing 2D (Wall 0s, CPU 0s)
Info    : 302 nodes 615 elements
Info    : Writing './cz-simple_5.msh'...
Info    : Done writing './cz-simple_5.msh'
melt 0.01
crystal 0.005
Warning: Mesh size = 0 for if_crys_melt. Ignoring this shape...
Warning: Mesh size = 0 for bnd_melt_bt. Ignoring this shape...
Warning: Mesh size = 0 for bnd_melt_side. Ignoring this shape...
Warning: Mesh size = 0 for bnd_melt_top. Ignoring this shape...
Warning: Mesh size = 0 for bnd_crys_top. Ignoring this shape...
Warning: Mesh size = 0 for bnd_crys_side. Ignoring this shape...
Warning: Mesh size = 0 for bnd_sym_ax. Ignoring this shape...
Gmsh model created with pyelmer.
Shapes: ['melt', 'crystal', 'if_crys_melt', 'bnd_melt_bt', 'bnd_melt_side', 'bnd_melt_top', 'bnd_crys_top', 'bnd_crys_side', 'bnd_sym_ax']
Wrote sif-file.
Info    : Meshing 1D...
Info    : [  0%] Meshing curve 1 (Line)
Info    : [ 20%] Meshing curve 2 (Line)
Info    : [ 30%] Meshing curve 3 (Line)
Info    : [ 40%] Meshing curve 4 (Line)
Info    : [ 50%] Meshing curve 5 (Line)
Info    : [ 70%] Meshing curve 6 (Line)
Info    : [ 80%] Meshing curve 7 (Line)
Info    : [ 90%] Meshing curve 8 (Line)
Info    : Done meshing 1D (Wall 0s, CPU 0s)
Info    : Meshing 2D...
Info    : [  0%] Meshing surface 1 (Plane, Frontal-Delaunay)
Info    : [ 50%] Meshing surface 2 (Plane, Frontal-Delaunay)
Info    : Done meshing 2D (Wall 0.015626s, CPU 0.015625s)
Info    : 357 nodes 725 elements
Info    : Writing './cz-simple_6.msh'...
Info    : Done writing './cz-simple_6.msh'
melt 0.01
crystal 0.005
Warning: Mesh size = 0 for if_crys_melt. Ignoring this shape...
Warning: Mesh size = 0 for bnd_melt_bt. Ignoring this shape...
Warning: Mesh size = 0 for bnd_melt_side. Ignoring this shape...
Warning: Mesh size = 0 for bnd_melt_top. Ignoring this shape...
Warning: Mesh size = 0 for bnd_crys_top. Ignoring this shape...
Warning: Mesh size = 0 for bnd_crys_side. Ignoring this shape...
Warning: Mesh size = 0 for bnd_sym_ax. Ignoring this shape...
Gmsh model created with pyelmer.
Shapes: ['melt', 'crystal', 'if_crys_melt', 'bnd_melt_bt', 'bnd_melt_side', 'bnd_melt_top', 'bnd_crys_top', 'bnd_crys_side', 'bnd_sym_ax']
Wrote sif-file.
Info    : Meshing 1D...
Info    : [  0%] Meshing curve 1 (Line)
Info    : [ 20%] Meshing curve 2 (Line)
Info    : [ 30%] Meshing curve 3 (Line)
Info    : [ 40%] Meshing curve 4 (Line)
Info    : [ 50%] Meshing curve 5 (Line)
Info    : [ 70%] Meshing curve 6 (Line)
Info    : [ 80%] Meshing curve 7 (Line)
Info    : [ 90%] Meshing curve 8 (Line)
Info    : Done meshing 1D (Wall 0s, CPU 0s)
Info    : Meshing 2D...
Info    : [  0%] Meshing surface 1 (Plane, Frontal-Delaunay)
Info    : [ 50%] Meshing surface 2 (Plane, Frontal-Delaunay)
Info    : Done meshing 2D (Wall 0.015625s, CPU 0.015625s)
Info    : 356 nodes 723 elements
Info    : Writing './cz-simple_7.msh'...
Info    : Done writing './cz-simple_7.msh'
melt 0.01
crystal 0.005
Warning: Mesh size = 0 for if_crys_melt. Ignoring this shape...
Warning: Mesh size = 0 for bnd_melt_bt. Ignoring this shape...
Warning: Mesh size = 0 for bnd_melt_side. Ignoring this shape...
Warning: Mesh size = 0 for bnd_melt_top. Ignoring this shape...
Warning: Mesh size = 0 for bnd_crys_top. Ignoring this shape...
Warning: Mesh size = 0 for bnd_crys_side. Ignoring this shape...
Warning: Mesh size = 0 for bnd_sym_ax. Ignoring this shape...
Gmsh model created with pyelmer.
Shapes: ['melt', 'crystal', 'if_crys_melt', 'bnd_melt_bt', 'bnd_melt_side', 'bnd_melt_top', 'bnd_crys_top', 'bnd_crys_side', 'bnd_sym_ax']
Wrote sif-file.
